<?xml version="1.0" encoding="UTF-8"?>
<testsuite xmlns:xsi="http://www.w3.org/2001/XMLSchema-instance" xsi:noNamespaceSchemaLocation="https://maven.apache.org/surefire/maven-surefire-plugin/xsd/surefire-test-report.xsd" name="mflix.api.daos.TimeoutsTest" time="0.989" tests="2" errors="2" skipped="0" failures="0">
  <properties>
[...]
</properties>
  <testcase name="testConfiguredConnectionTimeoutMs" classname="mflix.api.daos.TimeoutsTest" time="0.104">
    <error type="java.lang.NullPointerException">java.lang.NullPointerException
	at mflix.api.daos.TimeoutsTest.testConfiguredConnectionTimeoutMs(TimeoutsTest.java:57)
</error>
    <system-out><![CDATA[2019-02-13 00:21:35.573  INFO 17152 --- [           main] .b.t.c.SpringBootTestContextBootstrapper : Neither @ContextConfiguration nor @ContextHierarchy found for test class [mflix.api.daos.TimeoutsTest], using SpringBootContextLoader
2019-02-13 00:21:35.574  INFO 17152 --- [           main] o.s.t.c.support.AbstractContextLoader    : Could not detect default resource locations for test class [mflix.api.daos.TimeoutsTest]: no resource found for suffixes {-context.xml, Context.groovy}.
2019-02-13 00:21:35.575  INFO 17152 --- [           main] .b.t.c.SpringBootTestContextBootstrapper : Loaded default TestExecutionListener class names from location [META-INF/spring.factories]: [org.springframework.boot.test.mock.mockito.MockitoTestExecutionListener, org.springframework.boot.test.mock.mockito.ResetMocksTestExecutionListener, org.springframework.boot.test.autoconfigure.restdocs.RestDocsTestExecutionListener, org.springframework.boot.test.autoconfigure.web.client.MockRestServiceServerResetTestExecutionListener, org.springframework.boot.test.autoconfigure.web.servlet.MockMvcPrintOnlyOnFailureTestExecutionListener, org.springframework.boot.test.autoconfigure.web.servlet.WebDriverTestExecutionListener, org.springframework.test.context.web.ServletTestExecutionListener, org.springframework.test.context.support.DirtiesContextBeforeModesTestExecutionListener, org.springframework.test.context.support.DependencyInjectionTestExecutionListener, org.springframework.test.context.support.DirtiesContextTestExecutionListener, org.springframework.test.context.transaction.TransactionalTestExecutionListener, org.springframework.test.context.jdbc.SqlScriptsTestExecutionListener]
2019-02-13 00:21:35.576  INFO 17152 --- [           main] .b.t.c.SpringBootTestContextBootstrapper : Using TestExecutionListeners: [org.springframework.test.context.web.ServletTestExecutionListener@712cfb63, org.springframework.test.context.support.DirtiesContextBeforeModesTestExecutionListener@32e54a9d, org.springframework.boot.test.mock.mockito.MockitoTestExecutionListener@15639440, org.springframework.boot.test.autoconfigure.SpringBootDependencyInjectionTestExecutionListener@121bb45b, org.springframework.test.context.support.DirtiesContextTestExecutionListener@4faa298, org.springframework.boot.test.mock.mockito.ResetMocksTestExecutionListener@1cd3b138, org.springframework.boot.test.autoconfigure.restdocs.RestDocsTestExecutionListener@151bf776, org.springframework.boot.test.autoconfigure.web.client.MockRestServiceServerResetTestExecutionListener@5a6d30e2, org.springframework.boot.test.autoconfigure.web.servlet.MockMvcPrintOnlyOnFailureTestExecutionListener@b52b755, org.springframework.boot.test.autoconfigure.web.servlet.WebDriverTestExecutionListener@a098d76]

  .   ____          _            __ _ _
 /\\ / ___'_ __ _ _(_)_ __  __ _ \ \ \ \
( ( )\___ | '_ | '_| | '_ \/ _` | \ \ \ \
 \\/  ___)| |_)| | | | | || (_| |  ) ) ) )
  '  |____| .__|_| |_|_| |_\__, | / / / /
 =========|_|==============|___/=/_/_/_/
 :: Spring Boot ::        (v2.0.4.RELEASE)

2019-02-13 00:21:35.594  INFO 17152 --- [           main] mflix.api.daos.TimeoutsTest              : Starting TimeoutsTest on DESKTOP-RP4B41T with PID 17152 (started by New in C:\Users\New\Downloads\mflix)
2019-02-13 00:21:35.595  INFO 17152 --- [           main] mflix.api.daos.TimeoutsTest              : No active profile set, falling back to default profiles: default
2019-02-13 00:21:35.597  INFO 17152 --- [           main] o.s.w.c.s.GenericWebApplicationContext   : Refreshing org.springframework.web.context.support.GenericWebApplicationContext@7e642b88: startup date [Wed Feb 13 00:21:35 CET 2019]; root of context hierarchy
2019-02-13 00:21:35.915  INFO 17152 --- [           main] org.mongodb.driver.cluster               : Cluster created with settings {hosts=[mflix-shard-00-01-jdnwk.mongodb.net:27017, mflix-shard-00-02-jdnwk.mongodb.net:27017, mflix-shard-00-00-jdnwk.mongodb.net:27017], mode=MULTIPLE, requiredClusterType=REPLICA_SET, serverSelectionTimeout='30000 ms', maxWaitQueueSize=500, requiredReplicaSetName='mflix-shard-0'}
2019-02-13 00:21:35.915  INFO 17152 --- [           main] org.mongodb.driver.cluster               : Adding discovered server mflix-shard-00-01-jdnwk.mongodb.net:27017 to client view of cluster
2019-02-13 00:21:35.915  INFO 17152 --- [           main] org.mongodb.driver.cluster               : Adding discovered server mflix-shard-00-02-jdnwk.mongodb.net:27017 to client view of cluster
2019-02-13 00:21:35.915  INFO 17152 --- [           main] org.mongodb.driver.cluster               : Adding discovered server mflix-shard-00-00-jdnwk.mongodb.net:27017 to client view of cluster
2019-02-13 00:21:36.067  INFO 17152 --- [           main] o.s.w.s.handler.SimpleUrlHandlerMapping  : Mapped URL path [/**/favicon.ico] onto handler of type [class org.springframework.web.servlet.resource.ResourceHttpRequestHandler]
2019-02-13 00:21:36.152  INFO 17152 --- [           main] s.w.s.m.m.a.RequestMappingHandlerAdapter : Looking for @ControllerAdvice: org.springframework.web.context.support.GenericWebApplicationContext@7e642b88: startup date [Wed Feb 13 00:21:35 CET 2019]; root of context hierarchy
2019-02-13 00:21:36.166  INFO 17152 --- [           main] s.w.s.m.m.a.RequestMappingHandlerMapping : Mapped "{[/error]}" onto public org.springframework.http.ResponseEntity<java.util.Map<java.lang.String, java.lang.Object>> org.springframework.boot.autoconfigure.web.servlet.error.BasicErrorController.error(javax.servlet.http.HttpServletRequest)
2019-02-13 00:21:36.166  INFO 17152 --- [           main] s.w.s.m.m.a.RequestMappingHandlerMapping : Mapped "{[/error],produces=[text/html]}" onto public org.springframework.web.servlet.ModelAndView org.springframework.boot.autoconfigure.web.servlet.error.BasicErrorController.errorHtml(javax.servlet.http.HttpServletRequest,javax.servlet.http.HttpServletResponse)
2019-02-13 00:21:36.184  INFO 17152 --- [           main] o.s.w.s.handler.SimpleUrlHandlerMapping  : Mapped URL path [/webjars/**] onto handler of type [class org.springframework.web.servlet.resource.ResourceHttpRequestHandler]
2019-02-13 00:21:36.184  INFO 17152 --- [           main] o.s.w.s.handler.SimpleUrlHandlerMapping  : Mapped URL path [/**] onto handler of type [class org.springframework.web.servlet.resource.ResourceHttpRequestHandler]
2019-02-13 00:21:36.189  INFO 17152 --- [ngodb.net:27017] org.mongodb.driver.connection            : Opened connection [connectionId{localValue:23, serverValue:18525}] to mflix-shard-00-00-jdnwk.mongodb.net:27017
2019-02-13 00:21:36.191  INFO 17152 --- [ngodb.net:27017] org.mongodb.driver.connection            : Opened connection [connectionId{localValue:21, serverValue:7700}] to mflix-shard-00-01-jdnwk.mongodb.net:27017
2019-02-13 00:21:36.191  INFO 17152 --- [ngodb.net:27017] org.mongodb.driver.connection            : Opened connection [connectionId{localValue:22, serverValue:10257}] to mflix-shard-00-02-jdnwk.mongodb.net:27017
2019-02-13 00:21:36.211  INFO 17152 --- [           main] o.s.b.a.w.s.WelcomePageHandlerMapping    : Adding welcome page: class path resource [build/index.html]
2019-02-13 00:21:36.232  INFO 17152 --- [ngodb.net:27017] org.mongodb.driver.cluster               : Monitor thread successfully connected to server with description ServerDescription{address=mflix-shard-00-00-jdnwk.mongodb.net:27017, type=REPLICA_SET_PRIMARY, state=CONNECTED, ok=true, version=ServerVersion{versionList=[4, 0, 6]}, minWireVersion=0, maxWireVersion=7, maxDocumentSize=16777216, logicalSessionTimeoutMinutes=30, roundTripTimeNanos=43001000, setName='mflix-shard-0', canonicalAddress=mflix-shard-00-00-jdnwk.mongodb.net:27017, hosts=[mflix-shard-00-02-jdnwk.mongodb.net:27017, mflix-shard-00-00-jdnwk.mongodb.net:27017, mflix-shard-00-01-jdnwk.mongodb.net:27017], passives=[], arbiters=[], primary='mflix-shard-00-00-jdnwk.mongodb.net:27017', tagSet=TagSet{[Tag{name='region', value='EU_CENTRAL_1'}, Tag{name='provider', value='AWS'}, Tag{name='nodeType', value='ELECTABLE'}]}, electionId=7fffffff0000000000000001, setVersion=1, lastWriteDate=Wed Feb 13 00:21:34 CET 2019, lastUpdateTimeNanos=221845207823200}
2019-02-13 00:21:36.233  INFO 17152 --- [ngodb.net:27017] org.mongodb.driver.cluster               : Setting max election id to 7fffffff0000000000000001 from replica set primary mflix-shard-00-00-jdnwk.mongodb.net:27017
2019-02-13 00:21:36.233  INFO 17152 --- [ngodb.net:27017] org.mongodb.driver.cluster               : Setting max set version to 1 from replica set primary mflix-shard-00-00-jdnwk.mongodb.net:27017
2019-02-13 00:21:36.233  INFO 17152 --- [ngodb.net:27017] org.mongodb.driver.cluster               : Discovered replica set primary mflix-shard-00-00-jdnwk.mongodb.net:27017
2019-02-13 00:21:36.234  INFO 17152 --- [ngodb.net:27017] org.mongodb.driver.cluster               : Monitor thread successfully connected to server with description ServerDescription{address=mflix-shard-00-01-jdnwk.mongodb.net:27017, type=REPLICA_SET_SECONDARY, state=CONNECTED, ok=true, version=ServerVersion{versionList=[4, 0, 6]}, minWireVersion=0, maxWireVersion=7, maxDocumentSize=16777216, logicalSessionTimeoutMinutes=30, roundTripTimeNanos=43671000, setName='mflix-shard-0', canonicalAddress=mflix-shard-00-01-jdnwk.mongodb.net:27017, hosts=[mflix-shard-00-02-jdnwk.mongodb.net:27017, mflix-shard-00-00-jdnwk.mongodb.net:27017, mflix-shard-00-01-jdnwk.mongodb.net:27017], passives=[], arbiters=[], primary='mflix-shard-00-00-jdnwk.mongodb.net:27017', tagSet=TagSet{[Tag{name='region', value='EU_CENTRAL_1'}, Tag{name='provider', value='AWS'}, Tag{name='nodeType', value='ELECTABLE'}]}, electionId=null, setVersion=1, lastWriteDate=Wed Feb 13 00:21:34 CET 2019, lastUpdateTimeNanos=221845209886200}
2019-02-13 00:21:36.235  INFO 17152 --- [ngodb.net:27017] org.mongodb.driver.cluster               : Monitor thread successfully connected to server with description ServerDescription{address=mflix-shard-00-02-jdnwk.mongodb.net:27017, type=REPLICA_SET_SECONDARY, state=CONNECTED, ok=true, version=ServerVersion{versionList=[4, 0, 6]}, minWireVersion=0, maxWireVersion=7, maxDocumentSize=16777216, logicalSessionTimeoutMinutes=30, roundTripTimeNanos=43090300, setName='mflix-shard-0', canonicalAddress=mflix-shard-00-02-jdnwk.mongodb.net:27017, hosts=[mflix-shard-00-02-jdnwk.mongodb.net:27017, mflix-shard-00-00-jdnwk.mongodb.net:27017, mflix-shard-00-01-jdnwk.mongodb.net:27017], passives=[], arbiters=[], primary='mflix-shard-00-00-jdnwk.mongodb.net:27017', tagSet=TagSet{[Tag{name='nodeType', value='ELECTABLE'}, Tag{name='region', value='EU_CENTRAL_1'}, Tag{name='provider', value='AWS'}]}, electionId=null, setVersion=1, lastWriteDate=Wed Feb 13 00:21:34 CET 2019, lastUpdateTimeNanos=221845210147400}
2019-02-13 00:21:36.299  INFO 17152 --- [           main] .s.s.UserDetailsServiceAutoConfiguration : 

Using generated security password: 6d3ddd56-15bc-4b1b-be22-564fbcbf4766

2019-02-13 00:21:36.354  INFO 17152 --- [           main] o.s.s.web.DefaultSecurityFilterChain     : Creating filter chain: org.springframework.security.web.util.matcher.AnyRequestMatcher@1, [org.springframework.security.web.context.request.async.WebAsyncManagerIntegrationFilter@672a1c62, org.springframework.security.web.context.SecurityContextPersistenceFilter@656922a0, org.springframework.security.web.header.HeaderWriterFilter@2538bc06, org.springframework.security.web.csrf.CsrfFilter@61ecbee9, org.springframework.security.web.authentication.logout.LogoutFilter@5f2de715, org.springframework.security.web.authentication.UsernamePasswordAuthenticationFilter@1cdc1bbc, org.springframework.security.web.authentication.ui.DefaultLoginPageGeneratingFilter@737db7f8, org.springframework.security.web.authentication.www.BasicAuthenticationFilter@5f95f1e1, org.springframework.security.web.savedrequest.RequestCacheAwareFilter@44784e2f, org.springframework.security.web.servletapi.SecurityContextHolderAwareRequestFilter@2440022a, org.springframework.security.web.authentication.AnonymousAuthenticationFilter@459b6c53, org.springframework.security.web.session.SessionManagementFilter@61f6d381, org.springframework.security.web.access.ExceptionTranslationFilter@1bb740f2, org.springframework.security.web.access.intercept.FilterSecurityInterceptor@532e27ab]
2019-02-13 00:21:36.401  INFO 17152 --- [           main] mflix.api.daos.TimeoutsTest              : Started TimeoutsTest in 0.824 seconds (JVM running for 9.658)
2019-02-13 00:21:36.466  INFO 17152 --- [           main] org.mongodb.driver.cluster               : Cluster created with settings {hosts=[mflix-shard-00-02-jdnwk.mongodb.net:27017, mflix-shard-00-00-jdnwk.mongodb.net:27017, mflix-shard-00-01-jdnwk.mongodb.net:27017], mode=MULTIPLE, requiredClusterType=REPLICA_SET, serverSelectionTimeout='30000 ms', maxWaitQueueSize=500, requiredReplicaSetName='mflix-shard-0'}
2019-02-13 00:21:36.466  INFO 17152 --- [           main] org.mongodb.driver.cluster               : Adding discovered server mflix-shard-00-02-jdnwk.mongodb.net:27017 to client view of cluster
2019-02-13 00:21:36.467  INFO 17152 --- [           main] org.mongodb.driver.cluster               : Adding discovered server mflix-shard-00-00-jdnwk.mongodb.net:27017 to client view of cluster
2019-02-13 00:21:36.467  INFO 17152 --- [           main] org.mongodb.driver.cluster               : Adding discovered server mflix-shard-00-01-jdnwk.mongodb.net:27017 to client view of cluster
]]></system-out>
  </testcase>
  <testcase name="testConfiguredWtimeout" classname="mflix.api.daos.TimeoutsTest" time="0.061">
    <error type="java.lang.NullPointerException">java.lang.NullPointerException
	at mflix.api.daos.TimeoutsTest.testConfiguredWtimeout(TimeoutsTest.java:48)
</error>
    <system-out><![CDATA[2019-02-13 00:21:36.568  INFO 17152 --- [           main] org.mongodb.driver.cluster               : Cluster created with settings {hosts=[mflix-shard-00-01-jdnwk.mongodb.net:27017, mflix-shard-00-02-jdnwk.mongodb.net:27017, mflix-shard-00-00-jdnwk.mongodb.net:27017], mode=MULTIPLE, requiredClusterType=REPLICA_SET, serverSelectionTimeout='30000 ms', maxWaitQueueSize=500, requiredReplicaSetName='mflix-shard-0'}
2019-02-13 00:21:36.568  INFO 17152 --- [           main] org.mongodb.driver.cluster               : Adding discovered server mflix-shard-00-01-jdnwk.mongodb.net:27017 to client view of cluster
2019-02-13 00:21:36.569  INFO 17152 --- [           main] org.mongodb.driver.cluster               : Adding discovered server mflix-shard-00-02-jdnwk.mongodb.net:27017 to client view of cluster
2019-02-13 00:21:36.570  INFO 17152 --- [           main] org.mongodb.driver.cluster               : Adding discovered server mflix-shard-00-00-jdnwk.mongodb.net:27017 to client view of cluster
]]></system-out>
  </testcase>
</testsuite>